<?xml version="1.0" encoding="UTF-8"?>
<!-- Generated by org.testng.reporters.JUnitReportReporter -->
<testsuite hostname="LAPTOP-JF7LLMJD" failures="0" tests="3" name="responseData.ParsingXMLResponse" time="1.885" errors="0" timestamp="2024-12-23T19:40:36 EST" skipped="0">
  <testcase classname="responseData.ParsingXMLResponse" name="testXMLResponse1" time="0.150"/>
  <testcase classname="responseData.ParsingXMLResponse" name="testXMLResponse" time="1.559"/>
  <testcase classname="responseData.ParsingXMLResponse" name="testXMLResponse2" time="0.176"/>
</testsuite> <!-- responseData.ParsingXMLResponse -->
