<?xml version="1.0" encoding="UTF-8"?>
<!-- Generated by org.testng.reporters.JUnitReportReporter -->
<testsuite hostname="LAPTOP-JF7LLMJD" failures="0" tests="1" name="params.PathAndQueryParameter" time="1.452" errors="0" timestamp="2024-12-22T17:30:14 EST" skipped="0">
  <testcase classname="params.PathAndQueryParameter" name="testQueryAndPathParams" time="1.452"/>
</testsuite> <!-- params.PathAndQueryParameter -->
