<?xml version="1.0" encoding="UTF-8"?>
<!-- Generated by org.testng.reporters.JUnitReportReporter -->
<testsuite hostname="LAPTOP-JF7LLMJD" failures="0" tests="1" name="basic_rest.httpRequests" time="1.498" errors="0" timestamp="2024-12-22T14:41:47 EST" skipped="0">
  <testcase classname="basic_rest.httpRequests" name="postUser" time="1.498"/>
</testsuite> <!-- basic_rest.httpRequests -->
