<?xml version="1.0" encoding="UTF-8"?>
<!-- Generated by org.testng.reporters.JUnitReportReporter -->
<testsuite hostname="LAPTOP-JF7LLMJD" failures="0" tests="2" name="params.ExtractHeaders" time="1.983" errors="0" timestamp="2024-12-22T19:17:14 EST" skipped="0">
  <testcase classname="params.ExtractHeaders" name="CaptureHeaders" time="1.639"/>
  <testcase classname="params.ExtractHeaders" name="testHeader" time="0.344"/>
</testsuite> <!-- params.ExtractHeaders -->
