<?xml version="1.0" encoding="UTF-8"?>
<!-- Generated by org.testng.reporters.JUnitReportReporter -->
<testsuite hostname="LAPTOP-JF7LLMJD" failures="0" tests="1" name="fakerData.ProduceFakeData" time="0.130" errors="0" timestamp="2024-12-25T16:11:09 EST" skipped="0">
  <testcase classname="fakerData.ProduceFakeData" name="fake_date" time="0.130"/>
</testsuite> <!-- fakerData.ProduceFakeData -->
