<?xml version="1.0" encoding="UTF-8"?>
<!-- Generated by org.testng.reporters.JUnitReportReporter -->
<testsuite hostname="LAPTOP-JF7LLMJD" failures="0" tests="1" name="params.CookiesAndHeader" time="1.678" errors="0" timestamp="2024-12-22T19:15:08 EST" skipped="0">
  <testcase classname="params.CookiesAndHeader" name="testCookieInfo" time="1.678"/>
</testsuite> <!-- params.CookiesAndHeader -->
