<?xml version="1.0" encoding="UTF-8"?>
<!-- Generated by org.testng.reporters.JUnitReportReporter -->
<testsuite hostname="LAPTOP-JF7LLMJD" failures="0" tests="2" name="serializer.serializationDeserialization" time="0.267" errors="0" timestamp="2024-12-25T14:20:54 EST" skipped="0">
  <testcase classname="serializer.serializationDeserialization" name="convertPojo2Json" time="0.021"/>
  <testcase classname="serializer.serializationDeserialization" name="convertJson2Pojo" time="0.246"/>
</testsuite> <!-- serializer.serializationDeserialization -->
