<?xml version="1.0" encoding="UTF-8"?>
<!-- Generated by org.testng.reporters.JUnitReportReporter -->
<testsuite hostname="LAPTOP-JF7LLMJD" failures="0" tests="4" name="basic_rest.httpRequests" time="2.606" errors="0" timestamp="2024-12-22T15:07:05 EST" skipped="0">
  <testcase classname="basic_rest.httpRequests" name="getUsers" time="1.576"/>
  <testcase classname="basic_rest.httpRequests" name="postUser" time="0.464"/>
  <testcase classname="basic_rest.httpRequests" name="updateUser" time="0.324"/>
  <testcase classname="basic_rest.httpRequests" name="deleteUser" time="0.242"/>
</testsuite> <!-- basic_rest.httpRequests -->
