<?xml version="1.0" encoding="UTF-8"?>
<!-- Generated by org.testng.reporters.JUnitReportReporter -->
<testsuite hostname="LAPTOP-JF7LLMJD" failures="0" tests="1" name="params.Logging" time="1.413" errors="0" timestamp="2024-12-22T20:06:52 EST" skipped="0">
  <testcase classname="params.Logging" name="testLog" time="1.413"/>
</testsuite> <!-- params.Logging -->
