<?xml version="1.0" encoding="UTF-8"?>
<!-- Generated by org.testng.reporters.JUnitReportReporter -->
<testsuite hostname="LAPTOP-JF7LLMJD" failures="0" tests="1" name="paramsANdcookies.CookiesAndHeader" time="1.606" errors="0" timestamp="2024-12-23T16:53:16 EST" skipped="0">
  <testcase classname="paramsANdcookies.CookiesAndHeader" name="testCookieInfo" time="1.606"/>
</testsuite> <!-- paramsANdcookies.CookiesAndHeader -->
