<?xml version="1.0" encoding="UTF-8"?>
<!-- Generated by org.testng.reporters.JUnitReportReporter -->
<testsuite hostname="LAPTOP-JF7LLMJD" failures="0" tests="3" name="permission.Authentication" time="1.557" errors="0" timestamp="2024-12-25T15:27:05 EST" skipped="0">
  <testcase classname="permission.Authentication" name="BasicAuthentication" time="1.376"/>
  <testcase classname="permission.Authentication" name="DigestAuthentication" time="0.096"/>
  <testcase classname="permission.Authentication" name="PreemptiveAuthentication" time="0.085"/>
</testsuite> <!-- permission.Authentication -->
